Arguments: 
  C:\Program Files\nodejs\node.exe C:\Users\wangz\AppData\Roaming\npm\node_modules\yarn\bin\yarn.js install

PATH: 
  C:\Program Files\Common Files\Oracle\Java\javapath;D:\java\bin;D:\WeChat;C:\WINDOWS\system32;C:\WINDOWS;C:\WINDOWS\System32\Wbem;C:\WINDOWS\System32\WindowsPowerShell\v1.0\;C:\WINDOWS\System32\OpenSSH\;C:\Program Files (x86)\Microsoft SQL Server\160\Tools\Binn\;C:\Program Files\Microsoft SQL Server\160\Tools\Binn\;C:\Program Files\Microsoft SQL Server\Client SDK\ODBC\170\Tools\Binn\;C:\Program Files\Microsoft SQL Server\160\DTS\Binn\;C:\Program Files (x86)\Microsoft SQL Server\160\DTS\Binn\;C:\Program Files\Azure Data Studio\bin;D:\HBuilderX\;D:\git\Git\cmd;C:\Windows\System32;D:\node;C:\Program Files\nodejs\;D:\MYSQL\mysql-8.2.0-winx64\bin;D:\chromedriver\chromedriver-win64;D:\anaconda\Scripts;D:\tomcat\apache-tomcat-10.1.19\bin;D:\jdk17\bin;D:\jdk17\jre\bin;D:\IBM\common;C:\Program Files\dotnet\;C:\Users\wangz\AppData\Roaming\npm;D:\python\Scripts\;D:\python\;C:\Users\wangz\AppData\Local\Programs\Python\Launcher\;C:\Users\wangz\AppData\Local\Microsoft\WindowsApps;D:\Microsoft VS Code\bin;C:\Program Files\Azure Data Studio\bin;C:\Users\wangz\AppData\Roaming\npm;C:\Users\wangz\AppData\Local\GitHubDesktop\bin;D:\pycharm\PyCharm 2023.3.2\bin;;D:\IDEA\IntelliJ IDEA 2022.3.3\bin;;C:\Users\wangz\.dotnet\tools

Yarn version: 
  1.22.19

Node version: 
  20.5.0

Platform: 
  win32 x64

Trace: 
  Error: certificate has expired
      at TLSSocket.onConnectSecure (node:_tls_wrap:1627:34)
      at TLSSocket.emit (node:events:514:28)
      at TLSSocket._finishInit (node:_tls_wrap:1038:8)
      at ssl.onhandshakedone (node:_tls_wrap:824:12)

npm manifest: 
  {
    "name": "vue3_app_vite",
    "version": "0.0.0",
    "scripts": {
      "dev": "vite",
      "build": "vite build"
    },
    "dependencies": {
      "vue": "^3.0.4"
    },
    "devDependencies": {
      "vite": "^1.0.0-rc.13",
      "@vue/compiler-sfc": "^3.0.4"
    }
  }

yarn manifest: 
  No manifest

Lockfile: 
  No lockfile
